<?xml version="1.0" encoding="UTF-8"?>
<coverage generated="1716221118277" clover="3.2.0">
  <project timestamp="1716221118278" name="All files">
    <metrics statements="8" coveredstatements="5" conditionals="0" coveredconditionals="0" methods="6" coveredmethods="3" elements="14" coveredelements="8" complexity="0" loc="8" ncloc="8" packages="1" files="2" classes="2"/>
    <file name="calculadora.js" path="C:\Users\bielv\Workspace\JavaScript-Test-Pipeline-Template\arquivos-para-testar\calculadora.js">
      <metrics statements="6" coveredstatements="3" conditionals="0" coveredconditionals="0" methods="5" coveredmethods="2"/>
      <line num="2" count="1" type="stmt"/>
      <line num="3" count="1" type="stmt"/>
      <line num="4" count="0" type="stmt"/>
      <line num="5" count="0" type="stmt"/>
      <line num="6" count="0" type="stmt"/>
      <line num="9" count="1" type="stmt"/>
    </file>
    <file name="hello.js" path="C:\Users\bielv\Workspace\JavaScript-Test-Pipeline-Template\arquivos-para-testar\hello.js">
      <metrics statements="2" coveredstatements="2" conditionals="0" coveredconditionals="0" methods="1" coveredmethods="1"/>
      <line num="2" count="1" type="stmt"/>
      <line num="4" count="1" type="stmt"/>
    </file>
  </project>
</coverage>
